Determining if the pthread_create exist failed with the following output:
Change Dir: /home/gabs/software-projetos/inspecao-robo/gstream-to-mjpeg/build/CMakeFiles/CMakeTmp

Run Build Command:"/usr/bin/make" "cmTC_eeaed/fast"
/usr/bin/make -f CMakeFiles/cmTC_eeaed.dir/build.make CMakeFiles/cmTC_eeaed.dir/build
make[1]: Entering directory '/home/gabs/software-projetos/inspecao-robo/gstream-to-mjpeg/build/CMakeFiles/CMakeTmp'
Building C object CMakeFiles/cmTC_eeaed.dir/CheckSymbolExists.c.o
/usr/bin/gcc-7    -o CMakeFiles/cmTC_eeaed.dir/CheckSymbolExists.c.o   -c /home/gabs/software-projetos/inspecao-robo/gstream-to-mjpeg/build/CMakeFiles/CMakeTmp/CheckSymbolExists.c
Linking C executable cmTC_eeaed
/usr/bin/cmake -E cmake_link_script CMakeFiles/cmTC_eeaed.dir/link.txt --verbose=1
/usr/bin/gcc-7      -rdynamic CMakeFiles/cmTC_eeaed.dir/CheckSymbolExists.c.o  -o cmTC_eeaed 
CMakeFiles/cmTC_eeaed.dir/CheckSymbolExists.c.o: In function `main':
CheckSymbolExists.c:(.text+0x1b): undefined reference to `pthread_create'
collect2: error: ld returned 1 exit status
CMakeFiles/cmTC_eeaed.dir/build.make:97: recipe for target 'cmTC_eeaed' failed
make[1]: *** [cmTC_eeaed] Error 1
make[1]: Leaving directory '/home/gabs/software-projetos/inspecao-robo/gstream-to-mjpeg/build/CMakeFiles/CMakeTmp'
Makefile:126: recipe for target 'cmTC_eeaed/fast' failed
make: *** [cmTC_eeaed/fast] Error 2

File /home/gabs/software-projetos/inspecao-robo/gstream-to-mjpeg/build/CMakeFiles/CMakeTmp/CheckSymbolExists.c:
/* */
#include <pthread.h>

int main(int argc, char** argv)
{
  (void)argv;
#ifndef pthread_create
  return ((int*)(&pthread_create))[argc];
#else
  (void)argc;
  return 0;
#endif
}

Determining if the function pthread_create exists in the pthreads failed with the following output:
Change Dir: /home/gabs/software-projetos/inspecao-robo/gstream-to-mjpeg/build/CMakeFiles/CMakeTmp

Run Build Command:"/usr/bin/make" "cmTC_c57cb/fast"
/usr/bin/make -f CMakeFiles/cmTC_c57cb.dir/build.make CMakeFiles/cmTC_c57cb.dir/build
make[1]: Entering directory '/home/gabs/software-projetos/inspecao-robo/gstream-to-mjpeg/build/CMakeFiles/CMakeTmp'
Building C object CMakeFiles/cmTC_c57cb.dir/CheckFunctionExists.c.o
/usr/bin/gcc-7   -DCHECK_FUNCTION_EXISTS=pthread_create   -o CMakeFiles/cmTC_c57cb.dir/CheckFunctionExists.c.o   -c /usr/share/cmake-3.10/Modules/CheckFunctionExists.c
Linking C executable cmTC_c57cb
/usr/bin/cmake -E cmake_link_script CMakeFiles/cmTC_c57cb.dir/link.txt --verbose=1
/usr/bin/gcc-7  -DCHECK_FUNCTION_EXISTS=pthread_create    -rdynamic CMakeFiles/cmTC_c57cb.dir/CheckFunctionExists.c.o  -o cmTC_c57cb -lpthreads 
/usr/bin/ld: cannot find -lpthreads
collect2: error: ld returned 1 exit status
CMakeFiles/cmTC_c57cb.dir/build.make:97: recipe for target 'cmTC_c57cb' failed
make[1]: *** [cmTC_c57cb] Error 1
make[1]: Leaving directory '/home/gabs/software-projetos/inspecao-robo/gstream-to-mjpeg/build/CMakeFiles/CMakeTmp'
Makefile:126: recipe for target 'cmTC_c57cb/fast' failed
make: *** [cmTC_c57cb/fast] Error 2


